2026-01-24 26.200000
2026-01-24 21.975000
2026-01-24 25.750000
2026-01-24 24.470000
2026-01-24 24.385000
2026-01-24 21.800000
2026-01-24 22.190000
2026-01-24 26.315000
2026-01-24 20.680000
2026-01-24 25.055000
2026-01-24 29.105000
2026-01-24 24.075000
2026-01-24 25.800000
2026-01-24 27.580000
2026-01-24 22.820000
2026-01-24 22.805000
2026-01-24 22.575000
2026-01-24 26.625000
2026-01-24 24.635000
2026-01-24 24.775000
2026-01-24 26.365000
2026-01-24 24.670000
2026-01-24 25.635000
2026-01-24 22.715000
2026-01-24 24.225000
2026-01-24 27.075000
2026-01-24 20.210000
2026-01-24 26.830000
2026-01-24 27.860000
2026-01-24 23.445000
2026-01-24 23.415000
2026-01-24 25.515000
2026-01-24 25.285000
2026-01-24 27.715000
2026-01-24 26.970000
2026-01-24 24.865000
2026-01-24 21.260000
2026-01-24 22.075000
2026-01-24 24.095000
2026-01-24 26.915000
2026-01-24 26.485000
2026-01-24 24.525000
2026-01-24 28.060000
2026-01-24 21.615000
2026-01-24 25.500000
2026-01-24 25.280000
2026-01-24 24.480000
2026-01-24 22.600000
2026-01-24 23.385000
2026-01-24 26.885000
2026-01-24 22.390000
2026-01-24 26.655000
2026-01-24 26.200000
2026-01-24 23.070000
2026-01-24 29.025000
2026-01-24 26.980000
2026-01-24 25.125000
2026-01-24 21.370000
2026-01-24 23.390000
2026-01-24 25.180000
2026-01-24 24.435000
2026-01-24 24.490000
2026-01-24 23.565000
2026-01-24 21.970000
2026-01-24 28.145000
2026-01-24 25.445000
2026-01-24 22.745000
2026-01-24 21.720000
2026-01-24 25.475000
2026-01-24 26.395000
2026-01-24 24.070000
2026-01-24 25.680000
2026-01-24 24.995000
2026-01-24 26.270000
2026-01-24 24.150000
2026-01-24 23.950000
2026-01-24 27.560000
2026-01-24 27.155000
2026-01-24 25.400000
2026-01-24 21.235000
2026-01-24 23.005000
2026-01-24 24.395000
2026-01-24 22.070000
2026-01-24 26.350000
2026-01-24 25.590000
2026-01-24 25.460000
2026-01-24 25.055000
2026-01-24 25.460000
2026-01-24 28.125000
2026-01-24 22.570000
2026-01-24 25.460000
2026-01-24 24.045000
2026-01-24 24.955000
2026-01-24 24.035000
2026-01-24 26.910000
2026-01-24 22.680000
2026-01-24 23.600000
2026-01-24 24.430000
2026-01-24 21.575000
2026-01-24 21.500000
2026-01-24 25.215000
2026-01-24 28.400000
2026-01-24 24.990000
